line 5 (connection.php) loaded connection script
line 17 (connection.php) Connected successfully
line 13 (show_user.php) Array
(
    [0] => Array
        (
            [user] => mysql.session
            [0] => mysql.session
        )

    [1] => Array
        (
            [user] => mysql.sys
            [0] => mysql.sys
        )

    [2] => Array
        (
            [user] => root
            [0] => root
        )

    [3] => Array
        (
            [user] => tester
            [0] => tester
        )

)

line 5 (connection.php) loaded connection script
line 17 (connection.php) Connected successfully
Line 10 in create_user.php, Undefined index: user_pw  (ErrorException)line 5 (connection.php) loaded connection script
line 17 (connection.php) Connected successfully
line 13 (show_user.php) Array
(
    [0] => Array
        (
            [user] => mysql.session
            [0] => mysql.session
        )

    [1] => Array
        (
            [user] => mysql.sys
            [0] => mysql.sys
        )

    [2] => Array
        (
            [user] => root
            [0] => root
        )

    [3] => Array
        (
            [user] => tester
            [0] => tester
        )

)

line 5 (connection.php) loaded connection script
line 17 (connection.php) Connected successfully
Line 8 in delete_user.php, Undefined index: user_pw  (ErrorException)line 5 (connection.php) loaded connection script
line 17 (connection.php) Connected successfully
line 13 (show_user.php) Array
(
    [0] => Array
        (
            [user] => mysql.session
            [0] => mysql.session
        )

    [1] => Array
        (
            [user] => mysql.sys
            [0] => mysql.sys
        )

    [2] => Array
        (
            [user] => root
            [0] => root
        )

    [3] => Array
        (
            [user] => tester
            [0] => tester
        )

)

line 5 (connection.php) loaded connection script
line 17 (connection.php) Connected successfully
Line 8 in delete_user.php, Undefined index: user_pw  (ErrorException)line 5 (connection.php) loaded connection script
line 17 (connection.php) Connected successfully
line 13 (show_user.php) Array
(
    [0] => Array
        (
            [user] => mysql.session
            [0] => mysql.session
        )

    [1] => Array
        (
            [user] => mysql.sys
            [0] => mysql.sys
        )

    [2] => Array
        (
            [user] => root
            [0] => root
        )

    [3] => Array
        (
            [user] => tester
            [0] => tester
        )

)

line 5 (connection.php) loaded connection script
line 17 (connection.php) Connected successfully
Line 8 in delete_user.php, Undefined index: user_pw  (ErrorException)line 5 (connection.php) loaded connection script
line 17 (connection.php) Connected successfully
line 13 (show_user.php) Array
(
    [0] => Array
        (
            [user] => mysql.session
            [0] => mysql.session
        )

    [1] => Array
        (
            [user] => mysql.sys
            [0] => mysql.sys
        )

    [2] => Array
        (
            [user] => root
            [0] => root
        )

    [3] => Array
        (
            [user] => tester
            [0] => tester
        )

)

line 5 (connection.php) loaded connection script
line 17 (connection.php) Connected successfully
Line 8 in delete_user.php, Undefined index: user_pw  (ErrorException)line 5 (connection.php) loaded connection script
line 17 (connection.php) Connected successfully
line 13 (show_user.php) Array
(
    [0] => Array
        (
            [user] => mysql.session
            [0] => mysql.session
        )

    [1] => Array
        (
            [user] => mysql.sys
            [0] => mysql.sys
        )

    [2] => Array
        (
            [user] => root
            [0] => root
        )

    [3] => Array
        (
            [user] => tester
            [0] => tester
        )

)

line 5 (connection.php) loaded connection script
line 17 (connection.php) Connected successfully
Line 8 in delete_user.php, Undefined index: user_pw  (ErrorException)line 5 (connection.php) loaded connection script
line 17 (connection.php) Connected successfully
line 13 (show_user.php) Array
(
    [0] => Array
        (
            [user] => mysql.session
            [0] => mysql.session
        )

    [1] => Array
        (
            [user] => mysql.sys
            [0] => mysql.sys
        )

    [2] => Array
        (
            [user] => root
            [0] => root
        )

    [3] => Array
        (
            [user] => tester
            [0] => tester
        )

)

line 5 (connection.php) loaded connection script
line 17 (connection.php) Connected successfully
line 13 (show_user.php) Array
(
    [0] => Array
        (
            [user] => mysql.session
            [0] => mysql.session
        )

    [1] => Array
        (
            [user] => mysql.sys
            [0] => mysql.sys
        )

    [2] => Array
        (
            [user] => root
            [0] => root
        )

    [3] => Array
        (
            [user] => tester
            [0] => tester
        )

)

line 5 (connection.php) loaded connection script
line 17 (connection.php) Connected successfully
line 13 (show_user.php) Array
(
    [0] => Array
        (
            [user] => mysql.session
            [0] => mysql.session
        )

    [1] => Array
        (
            [user] => mysql.sys
            [0] => mysql.sys
        )

    [2] => Array
        (
            [user] => root
            [0] => root
        )

    [3] => Array
        (
            [user] => tester
            [0] => tester
        )

)

line 5 (connection.php) loaded connection script
line 17 (connection.php) Connected successfully
Line 10 in create_user.php, Undefined index: user_pw  (ErrorException)line 5 (connection.php) loaded connection script
line 17 (connection.php) Connected successfully
line 13 (show_user.php) Array
(
    [0] => Array
        (
            [user] => mysql.session
            [0] => mysql.session
        )

    [1] => Array
        (
            [user] => mysql.sys
            [0] => mysql.sys
        )

    [2] => Array
        (
            [user] => root
            [0] => root
        )

    [3] => Array
        (
            [user] => tester
            [0] => tester
        )

)

line 5 (connection.php) loaded connection script
line 17 (connection.php) Connected successfully
line 13 (show_user.php) Array
(
    [0] => Array
        (
            [user] => mysql.session
            [0] => mysql.session
        )

    [1] => Array
        (
            [user] => mysql.sys
            [0] => mysql.sys
        )

    [2] => Array
        (
            [user] => root
            [0] => root
        )

    [3] => Array
        (
            [user] => tester
            [0] => tester
        )

)

line 5 (connection.php) loaded connection script
line 17 (connection.php) Connected successfully
Line 10 in create_user.php, Undefined index: user_pw  (ErrorException)line 5 (connection.php) loaded connection script
line 17 (connection.php) Connected successfully
line 13 (show_user.php) Array
(
    [0] => Array
        (
            [user] => mysql.session
            [0] => mysql.session
        )

    [1] => Array
        (
            [user] => mysql.sys
            [0] => mysql.sys
        )

    [2] => Array
        (
            [user] => root
            [0] => root
        )

    [3] => Array
        (
            [user] => tester
            [0] => tester
        )

)

line 5 (connection.php) loaded connection script
line 17 (connection.php) Connected successfully
line 13 (show_user.php) Array
(
    [0] => Array
        (
            [user] => mysql.session
            [0] => mysql.session
        )

    [1] => Array
        (
            [user] => mysql.sys
            [0] => mysql.sys
        )

    [2] => Array
        (
            [user] => root
            [0] => root
        )

    [3] => Array
        (
            [user] => tester
            [0] => tester
        )

)

line 5 (connection.php) loaded connection script
line 17 (connection.php) Connected successfully
line 18 (create_user.php) created user
line 5 (connection.php) loaded connection script
line 17 (connection.php) Connected successfully
line 13 (show_user.php) Array
(
    [0] => Array
        (
            [user] => hagil
            [0] => hagil
        )

    [1] => Array
        (
            [user] => mysql.session
            [0] => mysql.session
        )

    [2] => Array
        (
            [user] => mysql.sys
            [0] => mysql.sys
        )

    [3] => Array
        (
            [user] => root
            [0] => root
        )

    [4] => Array
        (
            [user] => tester
            [0] => tester
        )

)

line 5 (connection.php) loaded connection script
line 17 (connection.php) Connected successfully
Line 8 in delete_user.php, Undefined index: user_pw  (ErrorException)line 5 (connection.php) loaded connection script
line 17 (connection.php) Connected successfully
line 13 (show_user.php) Array
(
    [0] => Array
        (
            [user] => hagil
            [0] => hagil
        )

    [1] => Array
        (
            [user] => mysql.session
            [0] => mysql.session
        )

    [2] => Array
        (
            [user] => mysql.sys
            [0] => mysql.sys
        )

    [3] => Array
        (
            [user] => root
            [0] => root
        )

    [4] => Array
        (
            [user] => tester
            [0] => tester
        )

)

line 5 (connection.php) loaded connection script
line 17 (connection.php) Connected successfully
line 13 (show_user.php) Array
(
    [0] => Array
        (
            [user] => hagil
            [0] => hagil
        )

    [1] => Array
        (
            [user] => tester1
            [0] => tester1
        )

    [2] => Array
        (
            [user] => tester2
            [0] => tester2
        )

    [3] => Array
        (
            [user] => tester3
            [0] => tester3
        )

    [4] => Array
        (
            [user] => mysql.session
            [0] => mysql.session
        )

    [5] => Array
        (
            [user] => mysql.sys
            [0] => mysql.sys
        )

    [6] => Array
        (
            [user] => root
            [0] => root
        )

    [7] => Array
        (
            [user] => tester
            [0] => tester
        )

)

line 5 (connection.php) loaded connection script
line 17 (connection.php) Connected successfully
Line 8 in delete_user.php, Undefined index: user_pw  (ErrorException)line 5 (connection.php) loaded connection script
line 17 (connection.php) Connected successfully
line 13 (show_user.php) Array
(
    [0] => Array
        (
            [user] => hagil
            [0] => hagil
        )

    [1] => Array
        (
            [user] => tester1
            [0] => tester1
        )

    [2] => Array
        (
            [user] => tester2
            [0] => tester2
        )

    [3] => Array
        (
            [user] => tester3
            [0] => tester3
        )

    [4] => Array
        (
            [user] => mysql.session
            [0] => mysql.session
        )

    [5] => Array
        (
            [user] => mysql.sys
            [0] => mysql.sys
        )

    [6] => Array
        (
            [user] => root
            [0] => root
        )

    [7] => Array
        (
            [user] => tester
            [0] => tester
        )

)

